<?xml version="1.0" encoding="UTF-8"?>
<!-- Generated by org.testng.reporters.JUnitReportReporter -->
<testsuite hostname="DESKTOP-QD3OHAN" failures="0" tests="1" name="Test1.Class4" time="0.005" errors="0" timestamp="2021-08-09T23:20:05 IST" skipped="0">
  <testcase classname="Test1.Class4" name="EleventhClass" time="0.005"/>
  <system-out/>
</testsuite> <!-- Test1.Class4 -->
