<?xml version="1.0" encoding="UTF-8"?>
<!-- Generated by org.testng.reporters.JUnitReportReporter -->
<testsuite hostname="DESKTOP-QD3OHAN" failures="0" tests="1" name="Test1.Class2" time="0.003" errors="0" timestamp="2021-08-09T23:23:31 IST" skipped="0">
  <testcase classname="Test1.Class2" name="FourthClass" time="0.003"/>
  <system-out/>
</testsuite> <!-- Test1.Class2 -->
